<?xml version="1.0" encoding="UTF-8"?>
<testng-results ignored="0" total="22" passed="22" failed="0" skipped="0">
  <reporter-output>
  </reporter-output>
  <suite started-at="2026-05-26T04:48:05 IST" name="Suite" finished-at="2026-05-26T04:52:55 IST" duration-ms="289617">
    <groups>
      <group name="cucumber">
        <method signature="AbstractTestNGCucumberTests.runScenario(io.cucumber.testng.PickleWrapper,io.cucumber.testng.FeatureWrapper)[pri:0, instance:runners.TestRunner@7494f96a]" name="runScenario" class="io.cucumber.testng.AbstractTestNGCucumberTests"/>
      </group> <!-- cucumber -->
    </groups>
    <test started-at="2026-05-26T04:48:05 IST" name="Run all features" finished-at="2026-05-26T04:52:55 IST" duration-ms="289617">
      <class name="runners.TestRunner">
        <test-method is-config="true" signature="setUpClass(org.testng.ITestContext)[pri:0, instance:runners.TestRunner@7494f96a]" started-at="2026-05-26T04:48:05 IST" name="setUpClass" finished-at="2026-05-26T04:48:07 IST" duration-ms="1317" status="PASS">
          <params>
            <param index="0">
              <value>
                <![CDATA[org.testng.TestRunner@63bdf82d]]>
              </value>
            </param>
          </params>
          <reporter-output>
          </reporter-output>
        </test-method> <!-- setUpClass -->
        <test-method signature="runScenario(io.cucumber.testng.PickleWrapper,io.cucumber.testng.FeatureWrapper)[pri:0, instance:runners.TestRunner@7494f96a]" started-at="2026-05-26T04:48:07 IST" name="runScenario" description="Runs Cucumber Scenarios" data-provider="scenarios" finished-at="2026-05-26T04:48:23 IST" duration-ms="16856" status="PASS">
          <params>
            <param index="0">
              <value>
                <![CDATA["Verify user registration with valid details"]]>
              </value>
            </param>
            <param index="1">
              <value>
                <![CDATA["User Registration"]]>
              </value>
            </param>
          </params>
          <reporter-output>
          </reporter-output>
        </test-method> <!-- runScenario -->
        <test-method signature="runScenario(io.cucumber.testng.PickleWrapper,io.cucumber.testng.FeatureWrapper)[pri:0, instance:runners.TestRunner@7494f96a]" started-at="2026-05-26T04:48:23 IST" name="runScenario" description="Runs Cucumber Scenarios" data-provider="scenarios" finished-at="2026-05-26T04:48:34 IST" duration-ms="10413" status="PASS">
          <params>
            <param index="0">
              <value>
                <![CDATA["Verify registration with existing email"]]>
              </value>
            </param>
            <param index="1">
              <value>
                <![CDATA["User Registration"]]>
              </value>
            </param>
          </params>
          <reporter-output>
          </reporter-output>
        </test-method> <!-- runScenario -->
        <test-method signature="runScenario(io.cucumber.testng.PickleWrapper,io.cucumber.testng.FeatureWrapper)[pri:0, instance:runners.TestRunner@7494f96a]" started-at="2026-05-26T04:48:34 IST" name="runScenario" description="Runs Cucumber Scenarios" data-provider="scenarios" finished-at="2026-05-26T04:48:44 IST" duration-ms="9974" status="PASS">
          <params>
            <param index="0">
              <value>
                <![CDATA["Verify mandatory field validation"]]>
              </value>
            </param>
            <param index="1">
              <value>
                <![CDATA["User Registration"]]>
              </value>
            </param>
          </params>
          <reporter-output>
          </reporter-output>
        </test-method> <!-- runScenario -->
        <test-method signature="runScenario(io.cucumber.testng.PickleWrapper,io.cucumber.testng.FeatureWrapper)[pri:0, instance:runners.TestRunner@7494f96a]" started-at="2026-05-26T04:48:44 IST" name="runScenario" description="Runs Cucumber Scenarios" data-provider="scenarios" finished-at="2026-05-26T04:48:59 IST" duration-ms="15175" status="PASS">
          <params>
            <param index="0">
              <value>
                <![CDATA["Verify successful registration message"]]>
              </value>
            </param>
            <param index="1">
              <value>
                <![CDATA["User Registration"]]>
              </value>
            </param>
          </params>
          <reporter-output>
          </reporter-output>
        </test-method> <!-- runScenario -->
        <test-method signature="runScenario(io.cucumber.testng.PickleWrapper,io.cucumber.testng.FeatureWrapper)[pri:0, instance:runners.TestRunner@7494f96a]" started-at="2026-05-26T04:48:59 IST" name="runScenario" description="Runs Cucumber Scenarios" data-provider="scenarios" finished-at="2026-05-26T04:49:09 IST" duration-ms="9608" status="PASS">
          <params>
            <param index="0">
              <value>
                <![CDATA["Login with valid credentials"]]>
              </value>
            </param>
            <param index="1">
              <value>
                <![CDATA["User Login"]]>
              </value>
            </param>
          </params>
          <reporter-output>
          </reporter-output>
        </test-method> <!-- runScenario -->
        <test-method signature="runScenario(io.cucumber.testng.PickleWrapper,io.cucumber.testng.FeatureWrapper)[pri:0, instance:runners.TestRunner@7494f96a]" started-at="2026-05-26T04:49:09 IST" name="runScenario" description="Runs Cucumber Scenarios" data-provider="scenarios" finished-at="2026-05-26T04:49:19 IST" duration-ms="10207" status="PASS">
          <params>
            <param index="0">
              <value>
                <![CDATA["Login with invalid credentials"]]>
              </value>
            </param>
            <param index="1">
              <value>
                <![CDATA["User Login"]]>
              </value>
            </param>
          </params>
          <reporter-output>
          </reporter-output>
        </test-method> <!-- runScenario -->
        <test-method signature="runScenario(io.cucumber.testng.PickleWrapper,io.cucumber.testng.FeatureWrapper)[pri:0, instance:runners.TestRunner@7494f96a]" started-at="2026-05-26T04:49:19 IST" name="runScenario" description="Runs Cucumber Scenarios" data-provider="scenarios" finished-at="2026-05-26T04:49:28 IST" duration-ms="9537" status="PASS">
          <params>
            <param index="0">
              <value>
                <![CDATA["Verify forgot password functionality"]]>
              </value>
            </param>
            <param index="1">
              <value>
                <![CDATA["User Login"]]>
              </value>
            </param>
          </params>
          <reporter-output>
          </reporter-output>
        </test-method> <!-- runScenario -->
        <test-method signature="runScenario(io.cucumber.testng.PickleWrapper,io.cucumber.testng.FeatureWrapper)[pri:0, instance:runners.TestRunner@7494f96a]" started-at="2026-05-26T04:49:28 IST" name="runScenario" description="Runs Cucumber Scenarios" data-provider="scenarios" finished-at="2026-05-26T04:49:41 IST" duration-ms="12398" status="PASS">
          <params>
            <param index="0">
              <value>
                <![CDATA["Verify logout functionality"]]>
              </value>
            </param>
            <param index="1">
              <value>
                <![CDATA["User Login"]]>
              </value>
            </param>
          </params>
          <reporter-output>
          </reporter-output>
        </test-method> <!-- runScenario -->
        <test-method signature="runScenario(io.cucumber.testng.PickleWrapper,io.cucumber.testng.FeatureWrapper)[pri:0, instance:runners.TestRunner@7494f96a]" started-at="2026-05-26T04:49:41 IST" name="runScenario" description="Runs Cucumber Scenarios" data-provider="scenarios" finished-at="2026-05-26T04:49:48 IST" duration-ms="7193" status="PASS">
          <params>
            <param index="0">
              <value>
                <![CDATA["Search product with valid keyword"]]>
              </value>
            </param>
            <param index="1">
              <value>
                <![CDATA["Product Search"]]>
              </value>
            </param>
          </params>
          <reporter-output>
          </reporter-output>
        </test-method> <!-- runScenario -->
        <test-method signature="runScenario(io.cucumber.testng.PickleWrapper,io.cucumber.testng.FeatureWrapper)[pri:0, instance:runners.TestRunner@7494f96a]" started-at="2026-05-26T04:49:48 IST" name="runScenario" description="Runs Cucumber Scenarios" data-provider="scenarios" finished-at="2026-05-26T04:49:55 IST" duration-ms="6998" status="PASS">
          <params>
            <param index="0">
              <value>
                <![CDATA["Search product with invalid keyword"]]>
              </value>
            </param>
            <param index="1">
              <value>
                <![CDATA["Product Search"]]>
              </value>
            </param>
          </params>
          <reporter-output>
          </reporter-output>
        </test-method> <!-- runScenario -->
        <test-method signature="runScenario(io.cucumber.testng.PickleWrapper,io.cucumber.testng.FeatureWrapper)[pri:0, instance:runners.TestRunner@7494f96a]" started-at="2026-05-26T04:49:55 IST" name="runScenario" description="Runs Cucumber Scenarios" data-provider="scenarios" finished-at="2026-05-26T04:50:05 IST" duration-ms="9772" status="PASS">
          <params>
            <param index="0">
              <value>
                <![CDATA["Verify product details page"]]>
              </value>
            </param>
            <param index="1">
              <value>
                <![CDATA["Product Search"]]>
              </value>
            </param>
          </params>
          <reporter-output>
          </reporter-output>
        </test-method> <!-- runScenario -->
        <test-method signature="runScenario(io.cucumber.testng.PickleWrapper,io.cucumber.testng.FeatureWrapper)[pri:0, instance:runners.TestRunner@7494f96a]" started-at="2026-05-26T04:50:05 IST" name="runScenario" description="Runs Cucumber Scenarios" data-provider="scenarios" finished-at="2026-05-26T04:50:18 IST" duration-ms="13741" status="PASS">
          <params>
            <param index="0">
              <value>
                <![CDATA["Add product to wishlist"]]>
              </value>
            </param>
            <param index="1">
              <value>
                <![CDATA["Wishlist"]]>
              </value>
            </param>
          </params>
          <reporter-output>
          </reporter-output>
        </test-method> <!-- runScenario -->
        <test-method signature="runScenario(io.cucumber.testng.PickleWrapper,io.cucumber.testng.FeatureWrapper)[pri:0, instance:runners.TestRunner@7494f96a]" started-at="2026-05-26T04:50:18 IST" name="runScenario" description="Runs Cucumber Scenarios" data-provider="scenarios" finished-at="2026-05-26T04:50:35 IST" duration-ms="16737" status="PASS">
          <params>
            <param index="0">
              <value>
                <![CDATA["Remove product from wishlist"]]>
              </value>
            </param>
            <param index="1">
              <value>
                <![CDATA["Wishlist"]]>
              </value>
            </param>
          </params>
          <reporter-output>
          </reporter-output>
        </test-method> <!-- runScenario -->
        <test-method signature="runScenario(io.cucumber.testng.PickleWrapper,io.cucumber.testng.FeatureWrapper)[pri:0, instance:runners.TestRunner@7494f96a]" started-at="2026-05-26T04:50:35 IST" name="runScenario" description="Runs Cucumber Scenarios" data-provider="scenarios" finished-at="2026-05-26T04:50:48 IST" duration-ms="13168" status="PASS">
          <params>
            <param index="0">
              <value>
                <![CDATA["Verify wishlist page"]]>
              </value>
            </param>
            <param index="1">
              <value>
                <![CDATA["Wishlist"]]>
              </value>
            </param>
          </params>
          <reporter-output>
          </reporter-output>
        </test-method> <!-- runScenario -->
        <test-method signature="runScenario(io.cucumber.testng.PickleWrapper,io.cucumber.testng.FeatureWrapper)[pri:0, instance:runners.TestRunner@7494f96a]" started-at="2026-05-26T04:50:48 IST" name="runScenario" description="Runs Cucumber Scenarios" data-provider="scenarios" finished-at="2026-05-26T04:50:59 IST" duration-ms="10423" status="PASS">
          <params>
            <param index="0">
              <value>
                <![CDATA["Add product to cart"]]>
              </value>
            </param>
            <param index="1">
              <value>
                <![CDATA["Shopping Cart"]]>
              </value>
            </param>
          </params>
          <reporter-output>
          </reporter-output>
        </test-method> <!-- runScenario -->
        <test-method signature="runScenario(io.cucumber.testng.PickleWrapper,io.cucumber.testng.FeatureWrapper)[pri:0, instance:runners.TestRunner@7494f96a]" started-at="2026-05-26T04:50:59 IST" name="runScenario" description="Runs Cucumber Scenarios" data-provider="scenarios" finished-at="2026-05-26T04:51:13 IST" duration-ms="13719" status="PASS">
          <params>
            <param index="0">
              <value>
                <![CDATA["Update quantity in cart"]]>
              </value>
            </param>
            <param index="1">
              <value>
                <![CDATA["Shopping Cart"]]>
              </value>
            </param>
          </params>
          <reporter-output>
          </reporter-output>
        </test-method> <!-- runScenario -->
        <test-method signature="runScenario(io.cucumber.testng.PickleWrapper,io.cucumber.testng.FeatureWrapper)[pri:0, instance:runners.TestRunner@7494f96a]" started-at="2026-05-26T04:51:13 IST" name="runScenario" description="Runs Cucumber Scenarios" data-provider="scenarios" finished-at="2026-05-26T04:51:25 IST" duration-ms="12178" status="PASS">
          <params>
            <param index="0">
              <value>
                <![CDATA["Remove item from cart"]]>
              </value>
            </param>
            <param index="1">
              <value>
                <![CDATA["Shopping Cart"]]>
              </value>
            </param>
          </params>
          <reporter-output>
          </reporter-output>
        </test-method> <!-- runScenario -->
        <test-method signature="runScenario(io.cucumber.testng.PickleWrapper,io.cucumber.testng.FeatureWrapper)[pri:0, instance:runners.TestRunner@7494f96a]" started-at="2026-05-26T04:51:25 IST" name="runScenario" description="Runs Cucumber Scenarios" data-provider="scenarios" finished-at="2026-05-26T04:51:35 IST" duration-ms="10165" status="PASS">
          <params>
            <param index="0">
              <value>
                <![CDATA["Verify cart total"]]>
              </value>
            </param>
            <param index="1">
              <value>
                <![CDATA["Shopping Cart"]]>
              </value>
            </param>
          </params>
          <reporter-output>
          </reporter-output>
        </test-method> <!-- runScenario -->
        <test-method signature="runScenario(io.cucumber.testng.PickleWrapper,io.cucumber.testng.FeatureWrapper)[pri:0, instance:runners.TestRunner@7494f96a]" started-at="2026-05-26T04:51:35 IST" name="runScenario" description="Runs Cucumber Scenarios" data-provider="scenarios" finished-at="2026-05-26T04:51:52 IST" duration-ms="17090" status="PASS">
          <params>
            <param index="0">
              <value>
                <![CDATA["Proceed to checkout"]]>
              </value>
            </param>
            <param index="1">
              <value>
                <![CDATA["Checkout Process"]]>
              </value>
            </param>
          </params>
          <reporter-output>
          </reporter-output>
        </test-method> <!-- runScenario -->
        <test-method signature="runScenario(io.cucumber.testng.PickleWrapper,io.cucumber.testng.FeatureWrapper)[pri:0, instance:runners.TestRunner@7494f96a]" started-at="2026-05-26T04:51:52 IST" name="runScenario" description="Runs Cucumber Scenarios" data-provider="scenarios" finished-at="2026-05-26T04:52:09 IST" duration-ms="16812" status="PASS">
          <params>
            <param index="0">
              <value>
                <![CDATA["Enter billing details"]]>
              </value>
            </param>
            <param index="1">
              <value>
                <![CDATA["Checkout Process"]]>
              </value>
            </param>
          </params>
          <reporter-output>
          </reporter-output>
        </test-method> <!-- runScenario -->
        <test-method signature="runScenario(io.cucumber.testng.PickleWrapper,io.cucumber.testng.FeatureWrapper)[pri:0, instance:runners.TestRunner@7494f96a]" started-at="2026-05-26T04:52:09 IST" name="runScenario" description="Runs Cucumber Scenarios" data-provider="scenarios" finished-at="2026-05-26T04:52:29 IST" duration-ms="20345" status="PASS">
          <params>
            <param index="0">
              <value>
                <![CDATA["Select payment method"]]>
              </value>
            </param>
            <param index="1">
              <value>
                <![CDATA["Checkout Process"]]>
              </value>
            </param>
          </params>
          <reporter-output>
          </reporter-output>
        </test-method> <!-- runScenario -->
        <test-method signature="runScenario(io.cucumber.testng.PickleWrapper,io.cucumber.testng.FeatureWrapper)[pri:0, instance:runners.TestRunner@7494f96a]" started-at="2026-05-26T04:52:29 IST" name="runScenario" description="Runs Cucumber Scenarios" data-provider="scenarios" finished-at="2026-05-26T04:52:54 IST" duration-ms="25052" status="PASS">
          <params>
            <param index="0">
              <value>
                <![CDATA["Confirm order successfully"]]>
              </value>
            </param>
            <param index="1">
              <value>
                <![CDATA["Checkout Process"]]>
              </value>
            </param>
          </params>
          <reporter-output>
          </reporter-output>
        </test-method> <!-- runScenario -->
        <test-method is-config="true" signature="tearDownClass()[pri:0, instance:runners.TestRunner@7494f96a]" started-at="2026-05-26T04:52:54 IST" name="tearDownClass" finished-at="2026-05-26T04:52:55 IST" duration-ms="636" status="PASS">
          <reporter-output>
          </reporter-output>
        </test-method> <!-- tearDownClass -->
      </class> <!-- runners.TestRunner -->
    </test> <!-- Run all features -->
  </suite> <!-- Suite -->
</testng-results>
