<?xml version="1.0" encoding="UTF-8"?>
<!-- Generated by org.testng.reporters.JUnitReportReporter -->
<testsuite hostname="Aishu" failures="0" tests="22" name="runners.TestRunner" time="312.463" errors="0" timestamp="2026-05-25T15:01:51 IST" skipped="0">
  <testcase classname="runners.TestRunner" name="runScenario" time="13.547"/>
  <testcase classname="runners.TestRunner" name="runScenario" time="23.423"/>
  <testcase classname="runners.TestRunner" name="runScenario" time="10.588"/>
  <testcase classname="runners.TestRunner" name="runScenario" time="13.515"/>
  <testcase classname="runners.TestRunner" name="runScenario" time="18.457"/>
  <testcase classname="runners.TestRunner" name="runScenario" time="16.070"/>
  <testcase classname="runners.TestRunner" name="runScenario" time="14.554"/>
  <testcase classname="runners.TestRunner" name="runScenario" time="10.270"/>
  <testcase classname="runners.TestRunner" name="runScenario" time="13.229"/>
  <testcase classname="runners.TestRunner" name="runScenario" time="9.421"/>
  <testcase classname="runners.TestRunner" name="runScenario" time="22.152"/>
  <testcase classname="runners.TestRunner" name="runScenario" time="14.190"/>
  <testcase classname="runners.TestRunner" name="runScenario" time="9.048"/>
  <testcase classname="runners.TestRunner" name="runScenario" time="10.103"/>
  <testcase classname="runners.TestRunner" name="runScenario" time="7.110"/>
  <testcase classname="runners.TestRunner" name="runScenario" time="7.152"/>
  <testcase classname="runners.TestRunner" name="runScenario" time="10.758"/>
  <testcase classname="runners.TestRunner" name="runScenario" time="14.073"/>
  <testcase classname="runners.TestRunner" name="runScenario" time="18.288"/>
  <testcase classname="runners.TestRunner" name="runScenario" time="18.242"/>
  <testcase classname="runners.TestRunner" name="runScenario" time="27.194"/>
  <testcase classname="runners.TestRunner" name="runScenario" time="11.079"/>
</testsuite> <!-- runners.TestRunner -->
