<?xml version="1.0" encoding="UTF-8"?>
<!-- Generated by org.testng.reporters.JUnitReportReporter -->
<testsuite hostname="Aishu" failures="0" tests="22" name="runners.TestRunner" time="287.561" errors="0" timestamp="2026-05-26T04:52:55 IST" skipped="0">
  <testcase classname="runners.TestRunner" name="runScenario" time="10.413"/>
  <testcase classname="runners.TestRunner" name="runScenario" time="20.345"/>
  <testcase classname="runners.TestRunner" name="runScenario" time="9.974"/>
  <testcase classname="runners.TestRunner" name="runScenario" time="9.537"/>
  <testcase classname="runners.TestRunner" name="runScenario" time="16.856"/>
  <testcase classname="runners.TestRunner" name="runScenario" time="12.398"/>
  <testcase classname="runners.TestRunner" name="runScenario" time="9.772"/>
  <testcase classname="runners.TestRunner" name="runScenario" time="15.175"/>
  <testcase classname="runners.TestRunner" name="runScenario" time="13.741"/>
  <testcase classname="runners.TestRunner" name="runScenario" time="25.052"/>
  <testcase classname="runners.TestRunner" name="runScenario" time="9.608"/>
  <testcase classname="runners.TestRunner" name="runScenario" time="13.168"/>
  <testcase classname="runners.TestRunner" name="runScenario" time="16.737"/>
  <testcase classname="runners.TestRunner" name="runScenario" time="12.178"/>
  <testcase classname="runners.TestRunner" name="runScenario" time="10.207"/>
  <testcase classname="runners.TestRunner" name="runScenario" time="16.812"/>
  <testcase classname="runners.TestRunner" name="runScenario" time="6.998"/>
  <testcase classname="runners.TestRunner" name="runScenario" time="17.090"/>
  <testcase classname="runners.TestRunner" name="runScenario" time="7.193"/>
  <testcase classname="runners.TestRunner" name="runScenario" time="13.719"/>
  <testcase classname="runners.TestRunner" name="runScenario" time="10.165"/>
  <testcase classname="runners.TestRunner" name="runScenario" time="10.423"/>
</testsuite> <!-- runners.TestRunner -->
